<?xml version="1.0" encoding="utf-8"?>
<coverage line-rate="1" branch-rate="1" version="1.9" timestamp="1592241606" lines-covered="2" lines-valid="2" branches-covered="4" branches-valid="4">
  <sources>
    <source>C:\</source>
  </sources>
  <packages>
    <package name="Demo" line-rate="1" branch-rate="1" complexity="4">
      <classes>
        <class name="Demo.Implementation/&lt;&gt;c" filename="Users\peter.liljenberg\code\coverlet-issue-760-demo\Demo\Demo\Implementation.cs" line-rate="1" branch-rate="1" complexity="4">
          <methods>
            <method name="&lt;If&gt;b__0_0" signature="(System.Int32)" line-rate="1" branch-rate="1" complexity="2">
              <lines>
                <line number="15" hits="6" branch="True" condition-coverage="100% (2/2)">
                  <conditions>
                    <condition number="100" type="jump" coverage="100%" />
                  </conditions>
                </line>
              </lines>
            </method>
            <method name="&lt;Foreach&gt;b__1_0" signature="(System.Int32)" line-rate="1" branch-rate="1" complexity="2">
              <lines>
                <line number="29" hits="18" branch="True" condition-coverage="100% (2/2)">
                  <conditions>
                    <condition number="153" type="jump" coverage="100%" />
                  </conditions>
                </line>
              </lines>
            </method>
          </methods>
          <lines>
            <line number="15" hits="6" branch="True" condition-coverage="100% (2/2)">
              <conditions>
                <condition number="100" type="jump" coverage="100%" />
              </conditions>
            </line>
            <line number="29" hits="18" branch="True" condition-coverage="100% (2/2)">
              <conditions>
                <condition number="153" type="jump" coverage="100%" />
              </conditions>
            </line>
          </lines>
        </class>
      </classes>
    </package>
  </packages>
</coverage>